action: GLOB, msg: packaging
cwd: /Users/calina/sites/ocean.py
cmd: /Users/calina/sites/ocean.py/venv/bin/python setup.py sdist --formats=zip --dist-dir /Users/calina/sites/ocean.py/.tox/dist
running sdist
running egg_info
writing ocean_lib.egg-info/PKG-INFO
writing dependency_links to ocean_lib.egg-info/dependency_links.txt
writing requirements to ocean_lib.egg-info/requires.txt
writing top-level names to ocean_lib.egg-info/top_level.txt
reading manifest file 'ocean_lib.egg-info/SOURCES.txt'
writing manifest file 'ocean_lib.egg-info/SOURCES.txt'
running check
creating ocean-lib-0.5.5
creating ocean-lib-0.5.5/ocean_lib
creating ocean-lib-0.5.5/ocean_lib.egg-info
creating ocean-lib-0.5.5/ocean_lib/assets
creating ocean-lib-0.5.5/ocean_lib/data_provider
creating ocean-lib-0.5.5/ocean_lib/data_store
creating ocean-lib-0.5.5/ocean_lib/models
creating ocean-lib-0.5.5/ocean_lib/ocean
creating ocean-lib-0.5.5/ocean_lib/web3_internal
creating ocean-lib-0.5.5/ocean_lib/web3_internal/web3_overrides
copying files to ocean-lib-0.5.5...
copying README.md -> ocean-lib-0.5.5
copying setup.cfg -> ocean-lib-0.5.5
copying setup.py -> ocean-lib-0.5.5
copying ocean_lib/__init__.py -> ocean-lib-0.5.5/ocean_lib
copying ocean_lib/config.py -> ocean-lib-0.5.5/ocean_lib
copying ocean_lib/config_provider.py -> ocean-lib-0.5.5/ocean_lib
copying ocean_lib.egg-info/PKG-INFO -> ocean-lib-0.5.5/ocean_lib.egg-info
copying ocean_lib.egg-info/SOURCES.txt -> ocean-lib-0.5.5/ocean_lib.egg-info
copying ocean_lib.egg-info/dependency_links.txt -> ocean-lib-0.5.5/ocean_lib.egg-info
copying ocean_lib.egg-info/not-zip-safe -> ocean-lib-0.5.5/ocean_lib.egg-info
copying ocean_lib.egg-info/requires.txt -> ocean-lib-0.5.5/ocean_lib.egg-info
copying ocean_lib.egg-info/top_level.txt -> ocean-lib-0.5.5/ocean_lib.egg-info
copying ocean_lib/assets/__init__.py -> ocean-lib-0.5.5/ocean_lib/assets
copying ocean_lib/assets/asset.py -> ocean-lib-0.5.5/ocean_lib/assets
copying ocean_lib/assets/asset_downloader.py -> ocean-lib-0.5.5/ocean_lib/assets
copying ocean_lib/assets/asset_resolver.py -> ocean-lib-0.5.5/ocean_lib/assets
copying ocean_lib/data_provider/__init__.py -> ocean-lib-0.5.5/ocean_lib/data_provider
copying ocean_lib/data_provider/data_service_provider.py -> ocean-lib-0.5.5/ocean_lib/data_provider
copying ocean_lib/data_store/__init__.py -> ocean-lib-0.5.5/ocean_lib/data_store
copying ocean_lib/data_store/auth_tokens.py -> ocean-lib-0.5.5/ocean_lib/data_store
copying ocean_lib/models/__init__.py -> ocean-lib-0.5.5/ocean_lib/models
copying ocean_lib/models/algorithm_metadata.py -> ocean-lib-0.5.5/ocean_lib/models
copying ocean_lib/models/balancer_constants.py -> ocean-lib-0.5.5/ocean_lib/models
copying ocean_lib/models/bfactory.py -> ocean-lib-0.5.5/ocean_lib/models
copying ocean_lib/models/bpool.py -> ocean-lib-0.5.5/ocean_lib/models
copying ocean_lib/models/btoken.py -> ocean-lib-0.5.5/ocean_lib/models
copying ocean_lib/models/data_token.py -> ocean-lib-0.5.5/ocean_lib/models
copying ocean_lib/models/dtfactory.py -> ocean-lib-0.5.5/ocean_lib/models
copying ocean_lib/models/fixed_rate_exchange.py -> ocean-lib-0.5.5/ocean_lib/models
copying ocean_lib/models/metadata.py -> ocean-lib-0.5.5/ocean_lib/models
copying ocean_lib/models/order.py -> ocean-lib-0.5.5/ocean_lib/models
copying ocean_lib/ocean/__init__.py -> ocean-lib-0.5.5/ocean_lib/ocean
copying ocean_lib/ocean/constants.py -> ocean-lib-0.5.5/ocean_lib/ocean
copying ocean_lib/ocean/env_constants.py -> ocean-lib-0.5.5/ocean_lib/ocean
copying ocean_lib/ocean/ocean.py -> ocean-lib-0.5.5/ocean_lib/ocean
copying ocean_lib/ocean/ocean_assets.py -> ocean-lib-0.5.5/ocean_lib/ocean
copying ocean_lib/ocean/ocean_auth.py -> ocean-lib-0.5.5/ocean_lib/ocean
copying ocean_lib/ocean/ocean_compute.py -> ocean-lib-0.5.5/ocean_lib/ocean
copying ocean_lib/ocean/ocean_exchange.py -> ocean-lib-0.5.5/ocean_lib/ocean
copying ocean_lib/ocean/ocean_pool.py -> ocean-lib-0.5.5/ocean_lib/ocean
copying ocean_lib/ocean/ocean_services.py -> ocean-lib-0.5.5/ocean_lib/ocean
copying ocean_lib/ocean/util.py -> ocean-lib-0.5.5/ocean_lib/ocean
copying ocean_lib/web3_internal/__init__.py -> ocean-lib-0.5.5/ocean_lib/web3_internal
copying ocean_lib/web3_internal/account.py -> ocean-lib-0.5.5/ocean_lib/web3_internal
copying ocean_lib/web3_internal/constants.py -> ocean-lib-0.5.5/ocean_lib/web3_internal
copying ocean_lib/web3_internal/contract_base.py -> ocean-lib-0.5.5/ocean_lib/web3_internal
copying ocean_lib/web3_internal/contract_handler.py -> ocean-lib-0.5.5/ocean_lib/web3_internal
copying ocean_lib/web3_internal/event_filter.py -> ocean-lib-0.5.5/ocean_lib/web3_internal
copying ocean_lib/web3_internal/event_listener.py -> ocean-lib-0.5.5/ocean_lib/web3_internal
copying ocean_lib/web3_internal/exceptions.py -> ocean-lib-0.5.5/ocean_lib/web3_internal
copying ocean_lib/web3_internal/utils.py -> ocean-lib-0.5.5/ocean_lib/web3_internal
copying ocean_lib/web3_internal/wallet.py -> ocean-lib-0.5.5/ocean_lib/web3_internal
copying ocean_lib/web3_internal/web3_provider.py -> ocean-lib-0.5.5/ocean_lib/web3_internal
copying ocean_lib/web3_internal/web3helper.py -> ocean-lib-0.5.5/ocean_lib/web3_internal
copying ocean_lib/web3_internal/web3_overrides/__init__.py -> ocean-lib-0.5.5/ocean_lib/web3_internal/web3_overrides
copying ocean_lib/web3_internal/web3_overrides/contract.py -> ocean-lib-0.5.5/ocean_lib/web3_internal/web3_overrides
copying ocean_lib/web3_internal/web3_overrides/http_provider.py -> ocean-lib-0.5.5/ocean_lib/web3_internal/web3_overrides
copying ocean_lib/web3_internal/web3_overrides/request.py -> ocean-lib-0.5.5/ocean_lib/web3_internal/web3_overrides
copying ocean_lib/web3_internal/web3_overrides/signature.py -> ocean-lib-0.5.5/ocean_lib/web3_internal/web3_overrides
Writing ocean-lib-0.5.5/setup.cfg
creating /Users/calina/sites/ocean.py/.tox/dist
creating '/Users/calina/sites/ocean.py/.tox/dist/ocean-lib-0.5.5.zip' and adding 'ocean-lib-0.5.5' to it
adding 'ocean-lib-0.5.5/PKG-INFO'
adding 'ocean-lib-0.5.5/README.md'
adding 'ocean-lib-0.5.5/setup.py'
adding 'ocean-lib-0.5.5/setup.cfg'
adding 'ocean-lib-0.5.5/ocean_lib/config_provider.py'
adding 'ocean-lib-0.5.5/ocean_lib/config.py'
adding 'ocean-lib-0.5.5/ocean_lib/__init__.py'
adding 'ocean-lib-0.5.5/ocean_lib/ocean/ocean_pool.py'
adding 'ocean-lib-0.5.5/ocean_lib/ocean/util.py'
adding 'ocean-lib-0.5.5/ocean_lib/ocean/ocean_compute.py'
adding 'ocean-lib-0.5.5/ocean_lib/ocean/constants.py'
adding 'ocean-lib-0.5.5/ocean_lib/ocean/__init__.py'
adding 'ocean-lib-0.5.5/ocean_lib/ocean/ocean_assets.py'
adding 'ocean-lib-0.5.5/ocean_lib/ocean/ocean.py'
adding 'ocean-lib-0.5.5/ocean_lib/ocean/ocean_exchange.py'
adding 'ocean-lib-0.5.5/ocean_lib/ocean/env_constants.py'
adding 'ocean-lib-0.5.5/ocean_lib/ocean/ocean_services.py'
adding 'ocean-lib-0.5.5/ocean_lib/ocean/ocean_auth.py'
adding 'ocean-lib-0.5.5/ocean_lib/data_provider/__init__.py'
adding 'ocean-lib-0.5.5/ocean_lib/data_provider/data_service_provider.py'
adding 'ocean-lib-0.5.5/ocean_lib/models/metadata.py'
adding 'ocean-lib-0.5.5/ocean_lib/models/data_token.py'
adding 'ocean-lib-0.5.5/ocean_lib/models/fixed_rate_exchange.py'
adding 'ocean-lib-0.5.5/ocean_lib/models/bfactory.py'
adding 'ocean-lib-0.5.5/ocean_lib/models/order.py'
adding 'ocean-lib-0.5.5/ocean_lib/models/__init__.py'
adding 'ocean-lib-0.5.5/ocean_lib/models/btoken.py'
adding 'ocean-lib-0.5.5/ocean_lib/models/algorithm_metadata.py'
adding 'ocean-lib-0.5.5/ocean_lib/models/bpool.py'
adding 'ocean-lib-0.5.5/ocean_lib/models/dtfactory.py'
adding 'ocean-lib-0.5.5/ocean_lib/models/balancer_constants.py'
adding 'ocean-lib-0.5.5/ocean_lib/web3_internal/contract_base.py'
adding 'ocean-lib-0.5.5/ocean_lib/web3_internal/event_filter.py'
adding 'ocean-lib-0.5.5/ocean_lib/web3_internal/constants.py'
adding 'ocean-lib-0.5.5/ocean_lib/web3_internal/__init__.py'
adding 'ocean-lib-0.5.5/ocean_lib/web3_internal/web3_provider.py'
adding 'ocean-lib-0.5.5/ocean_lib/web3_internal/contract_handler.py'
adding 'ocean-lib-0.5.5/ocean_lib/web3_internal/utils.py'
adding 'ocean-lib-0.5.5/ocean_lib/web3_internal/event_listener.py'
adding 'ocean-lib-0.5.5/ocean_lib/web3_internal/exceptions.py'
adding 'ocean-lib-0.5.5/ocean_lib/web3_internal/web3helper.py'
adding 'ocean-lib-0.5.5/ocean_lib/web3_internal/account.py'
adding 'ocean-lib-0.5.5/ocean_lib/web3_internal/wallet.py'
adding 'ocean-lib-0.5.5/ocean_lib/web3_internal/web3_overrides/http_provider.py'
adding 'ocean-lib-0.5.5/ocean_lib/web3_internal/web3_overrides/request.py'
adding 'ocean-lib-0.5.5/ocean_lib/web3_internal/web3_overrides/__init__.py'
adding 'ocean-lib-0.5.5/ocean_lib/web3_internal/web3_overrides/signature.py'
adding 'ocean-lib-0.5.5/ocean_lib/web3_internal/web3_overrides/contract.py'
adding 'ocean-lib-0.5.5/ocean_lib/data_store/auth_tokens.py'
adding 'ocean-lib-0.5.5/ocean_lib/data_store/__init__.py'
adding 'ocean-lib-0.5.5/ocean_lib/assets/asset.py'
adding 'ocean-lib-0.5.5/ocean_lib/assets/__init__.py'
adding 'ocean-lib-0.5.5/ocean_lib/assets/asset_resolver.py'
adding 'ocean-lib-0.5.5/ocean_lib/assets/asset_downloader.py'
adding 'ocean-lib-0.5.5/ocean_lib.egg-info/PKG-INFO'
adding 'ocean-lib-0.5.5/ocean_lib.egg-info/not-zip-safe'
adding 'ocean-lib-0.5.5/ocean_lib.egg-info/SOURCES.txt'
adding 'ocean-lib-0.5.5/ocean_lib.egg-info/requires.txt'
adding 'ocean-lib-0.5.5/ocean_lib.egg-info/top_level.txt'
adding 'ocean-lib-0.5.5/ocean_lib.egg-info/dependency_links.txt'
removing 'ocean-lib-0.5.5' (and everything under it)
